-------------------------------------------------------------------------------
Test set: Delete Article
-------------------------------------------------------------------------------
Tests run: 1, Failures: 1, Errors: 0, Skipped: 0, Time elapsed: 15.627 s <<< FAILURE! - in Delete Article
User deleting an Article(Delete Article)  Time elapsed: 15.627 s  <<< FAILURE!
junit.framework.ComparisonFailure: expected:<[fail]> but was:<[pass]>

