<?xml version="1.0" encoding="UTF-8"?>
<testsuite xmlns:xsi="http://www.w3.org/2001/XMLSchema-instance" xsi:noNamespaceSchemaLocation="https://maven.apache.org/surefire/maven-surefire-plugin/xsd/surefire-test-report.xsd" name="Fetch Article" time="15.568" tests="1" errors="0" skipped="0" failures="1">
  <properties>
[...]
</properties>
  <testcase name="User fetching an Article" classname="Fetch Article" time="15.568">
    <failure message="expected:&lt;[fail]&gt; but was:&lt;[pass]&gt;" type="junit.framework.ComparisonFailure"><![CDATA[junit.framework.ComparisonFailure: expected:<[fail]> but was:<[pass]>
]]></failure>
    <system-out><![CDATA[
@CRUD_Articles @Test123 @ignore
Scenario: User fetching an Article                                                  &amp#27;[90m# src/test/java/S02_Fetch Article.feature:6&amp#27;[0m
Reading Config...
Am here: Fetch_Article
  &amp#27;[32mGiven &amp#27;[0m&amp#27;[32mScenario Name as &amp#27;[0m&amp#27;[32m&amp#27;[1m"Fetch_Article"&amp#27;[0m                                            &amp#27;[90m# com.bb.stepDefinition.StepDefinition.scenario_Name_as(java.lang.String)&amp#27;[0m
Title of page is: Conduit
  &amp#27;[32mAnd &amp#27;[0m&amp#27;[32mUser navigates to Url&amp#27;[0m                                                         &amp#27;[90m# com.bb.stepDefinition.StepDefinition.user_navigates_to_Url()&amp#27;[0m

    Embedding null [image/png 27493 bytes]

Login successful
  &amp#27;[32mAnd &amp#27;[0m&amp#27;[32mUser logs into the application&amp#27;[0m                                                &amp#27;[90m# com.bb.stepDefinition.StepDefinition.user_logs_into_the_application()&amp#27;[0m
Article fetch failed
  &amp#27;[31mWhen &amp#27;[0m&amp#27;[31mUser tries to fetch an Article then Article should be retrieved successfully&amp#27;[0m &amp#27;[90m# com.bb.stepDefinition.StepDefinition.user_tries_to_fetch_an_Article_then_Article_should_be_retrieved_successfully()&amp#27;[0m
      &amp#27;[31mjunit.framework.ComparisonFailure: expected:<[fail]> but was:<[pass]>
	at junit.framework.Assert.assertEquals(Assert.java:100)
	at junit.framework.Assert.assertEquals(Assert.java:107)
	at com.bb.stepDefinition.StepDefinition.user_tries_to_fetch_an_Article_then_Article_should_be_retrieved_successfully(StepDefinition.java:106)
	at ?.User tries to fetch an Article then Article should be retrieved successfully(file:///D:/Documents/eclipse-workspace/Backbase-2.0/src/test/java/S02_Fetch%20Article.feature:10)
&amp#27;[0m
  &amp#27;[36mThen &amp#27;[0m&amp#27;[36mUser logs out of the application&amp#27;[0m                                             &amp#27;[90m# com.bb.stepDefinition.StepDefinition.user_logs_out_of_the_application()&amp#27;[0m
]]></system-out>
    <system-err><![CDATA[Starting ChromeDriver 117.0.5938.88 (be6afae4721209be42944bbcd325665f9f44563b-refs/branch-heads/5938_62@{#9}) on port 9002
Only local connections are allowed.
Please see https://chromedriver.chromium.org/security-considerations for suggestions on keeping ChromeDriver safe.
ChromeDriver was started successfully.
Sep 18, 2023 10:07:28 PM org.openqa.selenium.remote.ProtocolHandshake createSession
INFO: Detected dialect: W3C
java.lang.IndexOutOfBoundsException: Index 0 out of bounds for length 0
	at java.base/jdk.internal.util.Preconditions.outOfBounds(Preconditions.java:64)
	at java.base/jdk.internal.util.Preconditions.outOfBoundsCheckIndex(Preconditions.java:70)
	at java.base/jdk.internal.util.Preconditions.checkIndex(Preconditions.java:266)
	at java.base/java.util.Objects.checkIndex(Objects.java:359)
	at java.base/java.util.ArrayList.get(ArrayList.java:427)
	at com.bb.util.ReusableFunctions.waitforElementList(ReusableFunctions.java:112)
	at com.bb.pages.Article.fetchArticle(Article.java:92)
	at com.bb.stepDefinition.StepDefinition.user_tries_to_fetch_an_Article_then_Article_should_be_retrieved_successfully(StepDefinition.java:105)
	at java.base/jdk.internal.reflect.NativeMethodAccessorImpl.invoke0(Native Method)
	at java.base/jdk.internal.reflect.NativeMethodAccessorImpl.invoke(NativeMethodAccessorImpl.java:77)
	at java.base/jdk.internal.reflect.DelegatingMethodAccessorImpl.invoke(DelegatingMethodAccessorImpl.java:43)
	at java.base/java.lang.reflect.Method.invoke(Method.java:568)
	at io.cucumber.java.Invoker.invoke(Invoker.java:27)
	at io.cucumber.java.JavaStepDefinition.execute(JavaStepDefinition.java:27)
	at io.cucumber.core.runner.PickleStepDefinitionMatch.runStep(PickleStepDefinitionMatch.java:63)
	at io.cucumber.core.runner.TestStep.executeStep(TestStep.java:64)
	at io.cucumber.core.runner.TestStep.run(TestStep.java:49)
	at io.cucumber.core.runner.PickleStepTestStep.run(PickleStepTestStep.java:46)
	at io.cucumber.core.runner.TestCase.run(TestCase.java:51)
	at io.cucumber.core.runner.Runner.runPickle(Runner.java:67)
	at io.cucumber.junit.PickleRunners$NoStepDescriptions.run(PickleRunners.java:149)
	at io.cucumber.junit.FeatureRunner.runChild(FeatureRunner.java:83)
	at io.cucumber.junit.FeatureRunner.runChild(FeatureRunner.java:24)
	at org.junit.runners.ParentRunner$4.run(ParentRunner.java:331)
	at org.junit.runners.ParentRunner$1.schedule(ParentRunner.java:79)
	at org.junit.runners.ParentRunner.runChildren(ParentRunner.java:329)
	at org.junit.runners.ParentRunner.access$100(ParentRunner.java:66)
	at org.junit.runners.ParentRunner$2.evaluate(ParentRunner.java:293)
	at org.junit.runners.ParentRunner$3.evaluate(ParentRunner.java:306)
	at org.junit.runners.ParentRunner.run(ParentRunner.java:413)
	at io.cucumber.junit.Cucumber.runChild(Cucumber.java:185)
	at io.cucumber.junit.Cucumber.runChild(Cucumber.java:83)
	at org.junit.runners.ParentRunner$4.run(ParentRunner.java:331)
	at org.apache.maven.surefire.junitcore.pc.Scheduler$1.run(Scheduler.java:410)
	at java.base/java.util.concurrent.Executors$RunnableAdapter.call(Executors.java:539)
	at java.base/java.util.concurrent.FutureTask.run(FutureTask.java:264)
	at java.base/java.util.concurrent.ThreadPoolExecutor.runWorker(ThreadPoolExecutor.java:1136)
	at java.base/java.util.concurrent.ThreadPoolExecutor$Worker.run(ThreadPoolExecutor.java:635)
	at java.base/java.lang.Thread.run(Thread.java:833)
]]></system-err>
  </testcase>
</testsuite>