-------------------------------------------------------------------------------
Test set: Update Article
-------------------------------------------------------------------------------
Tests run: 1, Failures: 1, Errors: 0, Skipped: 0, Time elapsed: 16.388 s <<< FAILURE! - in Update Article
User updating an Article(Update Article)  Time elapsed: 16.388 s  <<< FAILURE!
junit.framework.ComparisonFailure: expected:<[fail]> but was:<[pass]>

